<?xml version="1.0" encoding="UTF-8"?>
<testsuite xmlns:xsi="http://www.w3.org/2001/XMLSchema-instance" xsi:noNamespaceSchemaLocation="https://maven.apache.org/surefire/maven-surefire-plugin/xsd/surefire-test-report-3.0.xsd" version="3.0" name="TestSuite" time="49.475" tests="1" errors="0" skipped="0" failures="0">
  <properties>
[...]
</properties>
  <testcase name="amazon" classname="com.project.TC_003" time="10.702">
    <system-out><![CDATA[Before Test...
test
amazon test...
]]></system-out>
    <system-err><![CDATA[log4j:WARN No such property [maxBackupIndex] in org.apache.log4j.FileAppender.
log4j:WARN No such property [maxFileSize] in org.apache.log4j.FileAppender.
log4j:WARN No such property [stdout] in org.apache.log4j.ConsoleAppender.
11 15, 2020 12:50:15 午後 org.openqa.selenium.remote.DesiredCapabilities firefox
INFO: Using `new FirefoxOptions()` is preferred to `DesiredCapabilities.firefox()`
1605424819142	mozrunner::runner	INFO	Running command: "C:\\Program Files\\Mozilla Firefox\\firefox.exe" "-marionette" "-foreground" "-no-remote" "-profile" "C:\\Windows\\TEMP\\rust_mozprofileQcIY19"
console.warn: SearchSettings: "get: No settings file exists, new profile?" (new Error("", "(unknown module)"))
JavaScript error: resource://gre/modules/XULStore.jsm, line 66: Error: Can't find profile directory.
1605424829144	Marionette	INFO	Listening on port 53257
1605424829266	Marionette	WARN	TLS certificate errors will be ignored for this session
11 15, 2020 12:50:30 午後 org.openqa.selenium.remote.ProtocolHandshake createSession
INFO: Detected dialect: W3C
1605424846780	Marionette	WARN	TimedPromise timed out after 500 ms: stacktrace:
TimedPromise/<@chrome://marionette/content/sync.js:228:19
TimedPromise@chrome://marionette/content/sync.js:213:10
interaction.flushEventLoop@chrome://marionette/content/interaction.js:418:10
webdriverClickElement@chrome://marionette/content/interaction.js:179:31
JavaScript error: resource:///modules/FaviconLoader.jsm, line 582: InvalidStateError: JSWindowActorChild.sendAsyncMessage: JSWindowActorChild cannot send at the moment
]]></system-err>
  </testcase>
</testsuite>